[2019-02-05 18:30:19,008] {models.py:1361} INFO - Dependencies all met for <TaskInstance: ricopili_serial.start_vm 2015-06-01T00:00:00+00:00 [queued]>
[2019-02-05 18:30:19,011] {models.py:1361} INFO - Dependencies all met for <TaskInstance: ricopili_serial.start_vm 2015-06-01T00:00:00+00:00 [queued]>
[2019-02-05 18:30:19,011] {models.py:1573} INFO - 
--------------------------------------------------------------------------------
Starting attempt 1 of 2
--------------------------------------------------------------------------------

[2019-02-05 18:30:19,018] {models.py:1595} INFO - Executing <Task(GceInstanceStartOperator): start_vm> on 2015-06-01T00:00:00+00:00
[2019-02-05 18:30:19,018] {base_task_runner.py:118} INFO - Running: ['bash', '-c', 'airflow run ricopili_serial start_vm 2015-06-01T00:00:00+00:00 --job_id 2 --raw -sd DAGS_FOLDER/airflow_serial.py --cfg_path /var/folders/7d/56pc9qp912l0kjvwnn2ds4sh0000gn/T/tmpcikj9sui']
[2019-02-05 18:30:19,795] {base_task_runner.py:101} INFO - Job 2: Subtask start_vm [2019-02-05 18:30:19,795] {__init__.py:51} INFO - Using executor SequentialExecutor
[2019-02-05 18:30:19,992] {base_task_runner.py:101} INFO - Job 2: Subtask start_vm [2019-02-05 18:30:19,991] {models.py:271} INFO - Filling up the DagBag from /Users/vasa/Projects/ripkelab/cloud_ricopili/prototypes/airflow_serial/dags/airflow_serial.py
[2019-02-05 18:30:20,200] {base_task_runner.py:101} INFO - Job 2: Subtask start_vm [2019-02-05 18:30:20,199] {cli.py:484} INFO - Running <TaskInstance: ricopili_serial.start_vm 2015-06-01T00:00:00+00:00 [running]> on host Vassilys-MacBook-Pro.local
[2019-02-05 18:30:20,219] {logging_mixin.py:95} INFO - [2019-02-05 18:30:20,219] {gcp_api_base_hook.py:84} INFO - Getting connection using `google.auth.default()` since no key file is defined for hook.
[2019-02-05 18:30:20,221] {logging_mixin.py:95} INFO - [2019-02-05 18:30:20,221] {discovery.py:272} INFO - URL being requested: GET https://www.googleapis.com/discovery/v1/apis/compute/v1/rest
[2019-02-05 18:30:20,579] {logging_mixin.py:95} INFO - [2019-02-05 18:30:20,578] {discovery.py:873} INFO - URL being requested: POST https://www.googleapis.com/compute/v1/projects/ripkelab2019/zones/us-east1-b/instances/airflow-serial-test/start?alt=json
[2019-02-05 18:30:21,513] {logging_mixin.py:95} INFO - [2019-02-05 18:30:21,513] {discovery.py:873} INFO - URL being requested: GET https://www.googleapis.com/compute/v1/projects/ripkelab2019/zones/us-east1-b/operations/operation-1549387820594-58128f6aa73c4-0c35af8f-885d9299?alt=json
[2019-02-05 18:30:22,795] {logging_mixin.py:95} INFO - [2019-02-05 18:30:22,795] {discovery.py:873} INFO - URL being requested: GET https://www.googleapis.com/compute/v1/projects/ripkelab2019/zones/us-east1-b/operations/operation-1549387820594-58128f6aa73c4-0c35af8f-885d9299?alt=json
[2019-02-05 18:30:24,078] {logging_mixin.py:95} INFO - [2019-02-05 18:30:24,078] {discovery.py:873} INFO - URL being requested: GET https://www.googleapis.com/compute/v1/projects/ripkelab2019/zones/us-east1-b/operations/operation-1549387820594-58128f6aa73c4-0c35af8f-885d9299?alt=json
[2019-02-05 18:30:25,370] {logging_mixin.py:95} INFO - [2019-02-05 18:30:25,370] {discovery.py:873} INFO - URL being requested: GET https://www.googleapis.com/compute/v1/projects/ripkelab2019/zones/us-east1-b/operations/operation-1549387820594-58128f6aa73c4-0c35af8f-885d9299?alt=json
[2019-02-05 18:30:26,693] {logging_mixin.py:95} INFO - [2019-02-05 18:30:26,693] {discovery.py:873} INFO - URL being requested: GET https://www.googleapis.com/compute/v1/projects/ripkelab2019/zones/us-east1-b/operations/operation-1549387820594-58128f6aa73c4-0c35af8f-885d9299?alt=json
[2019-02-05 18:30:27,986] {logging_mixin.py:95} INFO - [2019-02-05 18:30:27,986] {discovery.py:873} INFO - URL being requested: GET https://www.googleapis.com/compute/v1/projects/ripkelab2019/zones/us-east1-b/operations/operation-1549387820594-58128f6aa73c4-0c35af8f-885d9299?alt=json
[2019-02-05 18:30:29,291] {logging_mixin.py:95} INFO - [2019-02-05 18:30:29,291] {discovery.py:873} INFO - URL being requested: GET https://www.googleapis.com/compute/v1/projects/ripkelab2019/zones/us-east1-b/operations/operation-1549387820594-58128f6aa73c4-0c35af8f-885d9299?alt=json
[2019-02-05 18:30:30,607] {logging_mixin.py:95} INFO - [2019-02-05 18:30:30,607] {discovery.py:873} INFO - URL being requested: GET https://www.googleapis.com/compute/v1/projects/ripkelab2019/zones/us-east1-b/operations/operation-1549387820594-58128f6aa73c4-0c35af8f-885d9299?alt=json
[2019-02-05 18:30:31,907] {logging_mixin.py:95} INFO - [2019-02-05 18:30:31,907] {discovery.py:873} INFO - URL being requested: GET https://www.googleapis.com/compute/v1/projects/ripkelab2019/zones/us-east1-b/operations/operation-1549387820594-58128f6aa73c4-0c35af8f-885d9299?alt=json
[2019-02-05 18:30:33,594] {logging_mixin.py:95} INFO - [2019-02-05 18:30:33,594] {discovery.py:873} INFO - URL being requested: GET https://www.googleapis.com/compute/v1/projects/ripkelab2019/zones/us-east1-b/operations/operation-1549387820594-58128f6aa73c4-0c35af8f-885d9299?alt=json
[2019-02-05 18:30:34,928] {logging_mixin.py:95} INFO - [2019-02-05 18:30:34,928] {discovery.py:873} INFO - URL being requested: GET https://www.googleapis.com/compute/v1/projects/ripkelab2019/zones/us-east1-b/operations/operation-1549387820594-58128f6aa73c4-0c35af8f-885d9299?alt=json
[2019-02-05 18:30:39,035] {logging_mixin.py:95} INFO - [2019-02-05 18:30:39,034] {jobs.py:2627} INFO - Task exited with return code 0
