[2019-02-05 18:43:01,595] {models.py:1361} INFO - Dependencies all met for <TaskInstance: ricopili_serial.stop_vm 2015-06-01T00:00:00+00:00 [queued]>
[2019-02-05 18:43:01,601] {models.py:1361} INFO - Dependencies all met for <TaskInstance: ricopili_serial.stop_vm 2015-06-01T00:00:00+00:00 [queued]>
[2019-02-05 18:43:01,601] {models.py:1573} INFO - 
--------------------------------------------------------------------------------
Starting attempt 1 of 2
--------------------------------------------------------------------------------

[2019-02-05 18:43:01,610] {models.py:1595} INFO - Executing <Task(GceInstanceStopOperator): stop_vm> on 2015-06-01T00:00:00+00:00
[2019-02-05 18:43:01,611] {base_task_runner.py:118} INFO - Running: ['bash', '-c', 'airflow run ricopili_serial stop_vm 2015-06-01T00:00:00+00:00 --job_id 16 --raw -sd DAGS_FOLDER/airflow_serial.py --cfg_path /var/folders/7d/56pc9qp912l0kjvwnn2ds4sh0000gn/T/tmpjmnpfad0']
[2019-02-05 18:43:02,372] {base_task_runner.py:101} INFO - Job 16: Subtask stop_vm [2019-02-05 18:43:02,372] {__init__.py:51} INFO - Using executor SequentialExecutor
[2019-02-05 18:43:02,540] {base_task_runner.py:101} INFO - Job 16: Subtask stop_vm [2019-02-05 18:43:02,540] {models.py:271} INFO - Filling up the DagBag from /Users/vasa/Projects/ripkelab/cloud_ricopili/prototypes/airflow_serial/dags/airflow_serial.py
[2019-02-05 18:43:02,702] {base_task_runner.py:101} INFO - Job 16: Subtask stop_vm [2019-02-05 18:43:02,701] {cli.py:484} INFO - Running <TaskInstance: ricopili_serial.stop_vm 2015-06-01T00:00:00+00:00 [running]> on host Vassilys-MacBook-Pro.local
[2019-02-05 18:43:02,720] {logging_mixin.py:95} INFO - [2019-02-05 18:43:02,720] {gcp_api_base_hook.py:84} INFO - Getting connection using `google.auth.default()` since no key file is defined for hook.
[2019-02-05 18:43:02,721] {logging_mixin.py:95} INFO - [2019-02-05 18:43:02,721] {discovery.py:272} INFO - URL being requested: GET https://www.googleapis.com/discovery/v1/apis/compute/v1/rest
[2019-02-05 18:43:03,098] {logging_mixin.py:95} INFO - [2019-02-05 18:43:03,098] {discovery.py:873} INFO - URL being requested: POST https://www.googleapis.com/compute/v1/projects/ripkelab2019/zones/us-east1-b/instances/airflow-serial-test/stop?alt=json
[2019-02-05 18:43:03,717] {logging_mixin.py:95} INFO - [2019-02-05 18:43:03,717] {discovery.py:873} INFO - URL being requested: GET https://www.googleapis.com/compute/v1/projects/ripkelab2019/zones/us-east1-b/operations/operation-1549388583109-58129241d81c5-2d64cbd0-dbb9ba97?alt=json
[2019-02-05 18:43:04,996] {logging_mixin.py:95} INFO - [2019-02-05 18:43:04,996] {discovery.py:873} INFO - URL being requested: GET https://www.googleapis.com/compute/v1/projects/ripkelab2019/zones/us-east1-b/operations/operation-1549388583109-58129241d81c5-2d64cbd0-dbb9ba97?alt=json
[2019-02-05 18:43:06,308] {logging_mixin.py:95} INFO - [2019-02-05 18:43:06,308] {discovery.py:873} INFO - URL being requested: GET https://www.googleapis.com/compute/v1/projects/ripkelab2019/zones/us-east1-b/operations/operation-1549388583109-58129241d81c5-2d64cbd0-dbb9ba97?alt=json
[2019-02-05 18:43:07,616] {logging_mixin.py:95} INFO - [2019-02-05 18:43:07,616] {discovery.py:873} INFO - URL being requested: GET https://www.googleapis.com/compute/v1/projects/ripkelab2019/zones/us-east1-b/operations/operation-1549388583109-58129241d81c5-2d64cbd0-dbb9ba97?alt=json
[2019-02-05 18:43:08,953] {logging_mixin.py:95} INFO - [2019-02-05 18:43:08,953] {discovery.py:873} INFO - URL being requested: GET https://www.googleapis.com/compute/v1/projects/ripkelab2019/zones/us-east1-b/operations/operation-1549388583109-58129241d81c5-2d64cbd0-dbb9ba97?alt=json
[2019-02-05 18:43:10,222] {logging_mixin.py:95} INFO - [2019-02-05 18:43:10,222] {discovery.py:873} INFO - URL being requested: GET https://www.googleapis.com/compute/v1/projects/ripkelab2019/zones/us-east1-b/operations/operation-1549388583109-58129241d81c5-2d64cbd0-dbb9ba97?alt=json
[2019-02-05 18:43:11,604] {logging_mixin.py:95} INFO - [2019-02-05 18:43:11,603] {discovery.py:873} INFO - URL being requested: GET https://www.googleapis.com/compute/v1/projects/ripkelab2019/zones/us-east1-b/operations/operation-1549388583109-58129241d81c5-2d64cbd0-dbb9ba97?alt=json
[2019-02-05 18:43:12,893] {logging_mixin.py:95} INFO - [2019-02-05 18:43:12,892] {discovery.py:873} INFO - URL being requested: GET https://www.googleapis.com/compute/v1/projects/ripkelab2019/zones/us-east1-b/operations/operation-1549388583109-58129241d81c5-2d64cbd0-dbb9ba97?alt=json
[2019-02-05 18:43:14,177] {logging_mixin.py:95} INFO - [2019-02-05 18:43:14,177] {discovery.py:873} INFO - URL being requested: GET https://www.googleapis.com/compute/v1/projects/ripkelab2019/zones/us-east1-b/operations/operation-1549388583109-58129241d81c5-2d64cbd0-dbb9ba97?alt=json
[2019-02-05 18:43:15,483] {logging_mixin.py:95} INFO - [2019-02-05 18:43:15,483] {discovery.py:873} INFO - URL being requested: GET https://www.googleapis.com/compute/v1/projects/ripkelab2019/zones/us-east1-b/operations/operation-1549388583109-58129241d81c5-2d64cbd0-dbb9ba97?alt=json
[2019-02-05 18:43:16,770] {logging_mixin.py:95} INFO - [2019-02-05 18:43:16,770] {discovery.py:873} INFO - URL being requested: GET https://www.googleapis.com/compute/v1/projects/ripkelab2019/zones/us-east1-b/operations/operation-1549388583109-58129241d81c5-2d64cbd0-dbb9ba97?alt=json
[2019-02-05 18:43:18,091] {logging_mixin.py:95} INFO - [2019-02-05 18:43:18,090] {discovery.py:873} INFO - URL being requested: GET https://www.googleapis.com/compute/v1/projects/ripkelab2019/zones/us-east1-b/operations/operation-1549388583109-58129241d81c5-2d64cbd0-dbb9ba97?alt=json
[2019-02-05 18:43:19,403] {logging_mixin.py:95} INFO - [2019-02-05 18:43:19,403] {discovery.py:873} INFO - URL being requested: GET https://www.googleapis.com/compute/v1/projects/ripkelab2019/zones/us-east1-b/operations/operation-1549388583109-58129241d81c5-2d64cbd0-dbb9ba97?alt=json
[2019-02-05 18:43:20,689] {logging_mixin.py:95} INFO - [2019-02-05 18:43:20,689] {discovery.py:873} INFO - URL being requested: GET https://www.googleapis.com/compute/v1/projects/ripkelab2019/zones/us-east1-b/operations/operation-1549388583109-58129241d81c5-2d64cbd0-dbb9ba97?alt=json
[2019-02-05 18:43:21,992] {logging_mixin.py:95} INFO - [2019-02-05 18:43:21,992] {discovery.py:873} INFO - URL being requested: GET https://www.googleapis.com/compute/v1/projects/ripkelab2019/zones/us-east1-b/operations/operation-1549388583109-58129241d81c5-2d64cbd0-dbb9ba97?alt=json
[2019-02-05 18:43:23,262] {logging_mixin.py:95} INFO - [2019-02-05 18:43:23,262] {discovery.py:873} INFO - URL being requested: GET https://www.googleapis.com/compute/v1/projects/ripkelab2019/zones/us-east1-b/operations/operation-1549388583109-58129241d81c5-2d64cbd0-dbb9ba97?alt=json
[2019-02-05 18:43:24,533] {logging_mixin.py:95} INFO - [2019-02-05 18:43:24,533] {discovery.py:873} INFO - URL being requested: GET https://www.googleapis.com/compute/v1/projects/ripkelab2019/zones/us-east1-b/operations/operation-1549388583109-58129241d81c5-2d64cbd0-dbb9ba97?alt=json
[2019-02-05 18:43:25,846] {logging_mixin.py:95} INFO - [2019-02-05 18:43:25,846] {discovery.py:873} INFO - URL being requested: GET https://www.googleapis.com/compute/v1/projects/ripkelab2019/zones/us-east1-b/operations/operation-1549388583109-58129241d81c5-2d64cbd0-dbb9ba97?alt=json
[2019-02-05 18:43:27,132] {logging_mixin.py:95} INFO - [2019-02-05 18:43:27,132] {discovery.py:873} INFO - URL being requested: GET https://www.googleapis.com/compute/v1/projects/ripkelab2019/zones/us-east1-b/operations/operation-1549388583109-58129241d81c5-2d64cbd0-dbb9ba97?alt=json
[2019-02-05 18:43:28,522] {logging_mixin.py:95} INFO - [2019-02-05 18:43:28,522] {discovery.py:873} INFO - URL being requested: GET https://www.googleapis.com/compute/v1/projects/ripkelab2019/zones/us-east1-b/operations/operation-1549388583109-58129241d81c5-2d64cbd0-dbb9ba97?alt=json
[2019-02-05 18:43:29,822] {logging_mixin.py:95} INFO - [2019-02-05 18:43:29,821] {discovery.py:873} INFO - URL being requested: GET https://www.googleapis.com/compute/v1/projects/ripkelab2019/zones/us-east1-b/operations/operation-1549388583109-58129241d81c5-2d64cbd0-dbb9ba97?alt=json
[2019-02-05 18:43:31,114] {logging_mixin.py:95} INFO - [2019-02-05 18:43:31,114] {discovery.py:873} INFO - URL being requested: GET https://www.googleapis.com/compute/v1/projects/ripkelab2019/zones/us-east1-b/operations/operation-1549388583109-58129241d81c5-2d64cbd0-dbb9ba97?alt=json
[2019-02-05 18:43:32,398] {logging_mixin.py:95} INFO - [2019-02-05 18:43:32,398] {discovery.py:873} INFO - URL being requested: GET https://www.googleapis.com/compute/v1/projects/ripkelab2019/zones/us-east1-b/operations/operation-1549388583109-58129241d81c5-2d64cbd0-dbb9ba97?alt=json
[2019-02-05 18:43:33,660] {logging_mixin.py:95} INFO - [2019-02-05 18:43:33,660] {discovery.py:873} INFO - URL being requested: GET https://www.googleapis.com/compute/v1/projects/ripkelab2019/zones/us-east1-b/operations/operation-1549388583109-58129241d81c5-2d64cbd0-dbb9ba97?alt=json
[2019-02-05 18:43:34,929] {logging_mixin.py:95} INFO - [2019-02-05 18:43:34,929] {discovery.py:873} INFO - URL being requested: GET https://www.googleapis.com/compute/v1/projects/ripkelab2019/zones/us-east1-b/operations/operation-1549388583109-58129241d81c5-2d64cbd0-dbb9ba97?alt=json
[2019-02-05 18:43:36,197] {logging_mixin.py:95} INFO - [2019-02-05 18:43:36,196] {discovery.py:873} INFO - URL being requested: GET https://www.googleapis.com/compute/v1/projects/ripkelab2019/zones/us-east1-b/operations/operation-1549388583109-58129241d81c5-2d64cbd0-dbb9ba97?alt=json
[2019-02-05 18:43:37,491] {logging_mixin.py:95} INFO - [2019-02-05 18:43:37,491] {discovery.py:873} INFO - URL being requested: GET https://www.googleapis.com/compute/v1/projects/ripkelab2019/zones/us-east1-b/operations/operation-1549388583109-58129241d81c5-2d64cbd0-dbb9ba97?alt=json
[2019-02-05 18:43:38,810] {logging_mixin.py:95} INFO - [2019-02-05 18:43:38,810] {discovery.py:873} INFO - URL being requested: GET https://www.googleapis.com/compute/v1/projects/ripkelab2019/zones/us-east1-b/operations/operation-1549388583109-58129241d81c5-2d64cbd0-dbb9ba97?alt=json
[2019-02-05 18:43:40,121] {logging_mixin.py:95} INFO - [2019-02-05 18:43:40,121] {discovery.py:873} INFO - URL being requested: GET https://www.googleapis.com/compute/v1/projects/ripkelab2019/zones/us-east1-b/operations/operation-1549388583109-58129241d81c5-2d64cbd0-dbb9ba97?alt=json
[2019-02-05 18:43:41,384] {logging_mixin.py:95} INFO - [2019-02-05 18:43:41,384] {discovery.py:873} INFO - URL being requested: GET https://www.googleapis.com/compute/v1/projects/ripkelab2019/zones/us-east1-b/operations/operation-1549388583109-58129241d81c5-2d64cbd0-dbb9ba97?alt=json
[2019-02-05 18:43:42,673] {logging_mixin.py:95} INFO - [2019-02-05 18:43:42,673] {discovery.py:873} INFO - URL being requested: GET https://www.googleapis.com/compute/v1/projects/ripkelab2019/zones/us-east1-b/operations/operation-1549388583109-58129241d81c5-2d64cbd0-dbb9ba97?alt=json
[2019-02-05 18:43:44,063] {logging_mixin.py:95} INFO - [2019-02-05 18:43:44,062] {discovery.py:873} INFO - URL being requested: GET https://www.googleapis.com/compute/v1/projects/ripkelab2019/zones/us-east1-b/operations/operation-1549388583109-58129241d81c5-2d64cbd0-dbb9ba97?alt=json
[2019-02-05 18:43:45,458] {logging_mixin.py:95} INFO - [2019-02-05 18:43:45,458] {discovery.py:873} INFO - URL being requested: GET https://www.googleapis.com/compute/v1/projects/ripkelab2019/zones/us-east1-b/operations/operation-1549388583109-58129241d81c5-2d64cbd0-dbb9ba97?alt=json
[2019-02-05 18:43:46,764] {logging_mixin.py:95} INFO - [2019-02-05 18:43:46,764] {discovery.py:873} INFO - URL being requested: GET https://www.googleapis.com/compute/v1/projects/ripkelab2019/zones/us-east1-b/operations/operation-1549388583109-58129241d81c5-2d64cbd0-dbb9ba97?alt=json
[2019-02-05 18:43:48,074] {logging_mixin.py:95} INFO - [2019-02-05 18:43:48,073] {discovery.py:873} INFO - URL being requested: GET https://www.googleapis.com/compute/v1/projects/ripkelab2019/zones/us-east1-b/operations/operation-1549388583109-58129241d81c5-2d64cbd0-dbb9ba97?alt=json
[2019-02-05 18:43:49,344] {logging_mixin.py:95} INFO - [2019-02-05 18:43:49,344] {discovery.py:873} INFO - URL being requested: GET https://www.googleapis.com/compute/v1/projects/ripkelab2019/zones/us-east1-b/operations/operation-1549388583109-58129241d81c5-2d64cbd0-dbb9ba97?alt=json
[2019-02-05 18:43:50,618] {logging_mixin.py:95} INFO - [2019-02-05 18:43:50,618] {discovery.py:873} INFO - URL being requested: GET https://www.googleapis.com/compute/v1/projects/ripkelab2019/zones/us-east1-b/operations/operation-1549388583109-58129241d81c5-2d64cbd0-dbb9ba97?alt=json
[2019-02-05 18:43:51,933] {logging_mixin.py:95} INFO - [2019-02-05 18:43:51,933] {discovery.py:873} INFO - URL being requested: GET https://www.googleapis.com/compute/v1/projects/ripkelab2019/zones/us-east1-b/operations/operation-1549388583109-58129241d81c5-2d64cbd0-dbb9ba97?alt=json
[2019-02-05 18:43:53,214] {logging_mixin.py:95} INFO - [2019-02-05 18:43:53,214] {discovery.py:873} INFO - URL being requested: GET https://www.googleapis.com/compute/v1/projects/ripkelab2019/zones/us-east1-b/operations/operation-1549388583109-58129241d81c5-2d64cbd0-dbb9ba97?alt=json
[2019-02-05 18:43:54,494] {logging_mixin.py:95} INFO - [2019-02-05 18:43:54,494] {discovery.py:873} INFO - URL being requested: GET https://www.googleapis.com/compute/v1/projects/ripkelab2019/zones/us-east1-b/operations/operation-1549388583109-58129241d81c5-2d64cbd0-dbb9ba97?alt=json
[2019-02-05 18:43:55,775] {logging_mixin.py:95} INFO - [2019-02-05 18:43:55,775] {discovery.py:873} INFO - URL being requested: GET https://www.googleapis.com/compute/v1/projects/ripkelab2019/zones/us-east1-b/operations/operation-1549388583109-58129241d81c5-2d64cbd0-dbb9ba97?alt=json
[2019-02-05 18:43:57,034] {logging_mixin.py:95} INFO - [2019-02-05 18:43:57,034] {discovery.py:873} INFO - URL being requested: GET https://www.googleapis.com/compute/v1/projects/ripkelab2019/zones/us-east1-b/operations/operation-1549388583109-58129241d81c5-2d64cbd0-dbb9ba97?alt=json
[2019-02-05 18:43:58,345] {logging_mixin.py:95} INFO - [2019-02-05 18:43:58,345] {discovery.py:873} INFO - URL being requested: GET https://www.googleapis.com/compute/v1/projects/ripkelab2019/zones/us-east1-b/operations/operation-1549388583109-58129241d81c5-2d64cbd0-dbb9ba97?alt=json
[2019-02-05 18:43:59,648] {logging_mixin.py:95} INFO - [2019-02-05 18:43:59,648] {discovery.py:873} INFO - URL being requested: GET https://www.googleapis.com/compute/v1/projects/ripkelab2019/zones/us-east1-b/operations/operation-1549388583109-58129241d81c5-2d64cbd0-dbb9ba97?alt=json
[2019-02-05 18:44:00,949] {logging_mixin.py:95} INFO - [2019-02-05 18:44:00,948] {discovery.py:873} INFO - URL being requested: GET https://www.googleapis.com/compute/v1/projects/ripkelab2019/zones/us-east1-b/operations/operation-1549388583109-58129241d81c5-2d64cbd0-dbb9ba97?alt=json
[2019-02-05 18:44:01,697] {logging_mixin.py:95} INFO - [2019-02-05 18:44:01,697] {jobs.py:2627} INFO - Task exited with return code 0
